<?xml version="1.0" encoding="UTF-8"?>
<coverage generated="1498359451054" clover="3.2.0">
  <project timestamp="1498359451055" name="All files">
    <metrics statements="6" coveredstatements="2" conditionals="4" coveredconditionals="0" methods="3" coveredmethods="1" elements="13" coveredelements="3" complexity="0" loc="6" ncloc="6" packages="2" files="2" classes="2">
      <package name="src">
        <metrics statements="4" coveredstatements="0" conditionals="4" coveredconditionals="0" methods="2" coveredmethods="0"/>
        <file name="index.ts" path="/Users/kamilbukum/DEV/personal/rnts_skeleton/src/index.ts">
          <metrics statements="4" coveredstatements="0" conditionals="4" coveredconditionals="0" methods="2" coveredmethods="0"/>
          <line num="1" count="0" type="stmt"/>
          <line num="6" count="0" type="stmt"/>
          <line num="7" count="0" type="cond" truecount="0" falsecount="4"/>
          <line num="8" count="0" type="stmt"/>
        </file>
      </package>
      <package name="src.app">
        <metrics statements="2" coveredstatements="2" conditionals="0" coveredconditionals="0" methods="1" coveredmethods="1"/>
        <file name="index.tsx" path="/Users/kamilbukum/DEV/personal/rnts_skeleton/src/app/index.tsx">
          <metrics statements="2" coveredstatements="2" conditionals="0" coveredconditionals="0" methods="1" coveredmethods="1"/>
          <line num="5" count="1" type="stmt"/>
          <line num="19" count="1" type="stmt"/>
        </file>
      </package>
    </metrics>
  </project>
</coverage>
