{"/Users/kamilbukum/DEV/personal/rnts_skeleton/src/index.ts": {"path":"/Users/kamilbukum/DEV/personal/rnts_skeleton/src/index.ts","statementMap":{"0":{"start":{"line":1,"column":13},"end":{"line":1,"column":42}},"1":{"start":{"line":1,"column":42},"end":{"line":1,"column":55}},"2":{"start":{"line":6,"column":17},"end":{"line":6,"column":40}},"3":{"start":{"line":7,"column":9},"end":{"line":7,"column":25}},"4":{"start":{"line":7,"column":36},"end":{"line":7,"column":64}},"5":{"start":{"line":7,"column":102},"end":{"line":7,"column":147}},"6":{"start":{"line":8,"column":0},"end":{"line":8,"column":94}},"7":{"start":{"line":8,"column":70},"end":{"line":8,"column":91}}},"fnMap":{"0":{"name":"_interopRequireDefault","decl":{"start":{"line":7,"column":74},"end":{"line":7,"column":96}},"loc":{"start":{"line":7,"column":101},"end":{"line":7,"column":148}},"line":7},"1":{"name":"(anonymous_1)","decl":{"start":{"line":8,"column":59},"end":{"line":8,"column":60}},"loc":{"start":{"line":8,"column":69},"end":{"line":8,"column":92}},"line":8}},"branchMap":{"0":{"loc":{"start":{"line":7,"column":109},"end":{"line":7,"column":146}},"type":"cond-expr","locations":[{"start":{"line":7,"column":129},"end":{"line":7,"column":132}},{"start":{"line":7,"column":133},"end":{"line":7,"column":146}}],"line":7},"1":{"loc":{"start":{"line":7,"column":109},"end":{"line":7,"column":128}},"type":"binary-expr","locations":[{"start":{"line":7,"column":109},"end":{"line":7,"column":112}},{"start":{"line":7,"column":114},"end":{"line":7,"column":128}}],"line":7}},"s":{"0":0,"1":0,"2":0,"3":0,"4":0,"5":0,"6":0,"7":0},"f":{"0":0,"1":0},"b":{"0":[0,0],"1":[0,0]}}
,"/Users/kamilbukum/DEV/personal/rnts_skeleton/src/app/index.tsx": {"path":"/Users/kamilbukum/DEV/personal/rnts_skeleton/src/app/index.tsx","statementMap":{"0":{"start":{"line":5,"column":8},"end":{"line":16,"column":15}},"1":{"start":{"line":19,"column":15},"end":{"line":36,"column":2}}},"fnMap":{"0":{"name":"(anonymous_0)","decl":{"start":{"line":4,"column":4},"end":{"line":4,"column":5}},"loc":{"start":{"line":4,"column":13},"end":{"line":17,"column":5}},"line":4}},"branchMap":{},"s":{"0":1,"1":1},"f":{"0":1},"b":{},"inputSourceMap":{"version":3,"file":"index.jsx","sourceRoot":"","sources":["index.tsx"],"names":[],"mappings":"AAAA,OAAO,KAAK,EAAE,EAAE,SAAS,EAAE,MAAM,OAAO,CAAC;AAEzC,OAAO,EACL,UAAU,EACV,IAAI,EACJ,IAAI,EACL,MAAM,cAAc,CAAC;AAEtB,MAAM,CAAC,OAAO,oBAAqB,SAAQ,SAAS;IAClD,MAAM;QACJ,MAAM,CAAC,CACL,CAAC,IAAI,CAAC,KAAK,CAAC,CAAC,MAAM,CAAC,SAAS,CAAC,CAC5B;QAAA,CAAC,IAAI,CAAC,KAAK,CAAC,CAAC,MAAM,CAAC,OAAO,CAAC,CAC1B;;QACF,EAAE,IAAI,CACN;QAAA,CAAC,IAAI,CAAC,KAAK,CAAC,CAAC,MAAM,CAAC,YAAY,CAAC,CAC/B;;QACF,EAAE,IAAI,CACN;QAAA,CAAC,IAAI,CAAC,KAAK,CAAC,CAAC,MAAM,CAAC,YAAY,CAAC,CAC/B;gCAAsB,CAAC,IAAI,CAC3B;;QACF,EAAE,IAAI,CACR;MAAA,EAAE,IAAI,CAAC,CACR,CAAC;IACJ,CAAC;CACF;AAED,MAAM,MAAM,GAAG,UAAU,CAAC,MAAM,CAAC;IAC/B,SAAS,EAAE;QACT,IAAI,EAAE,CAAC;QACP,cAAc,EAAE,QAAQ;QACxB,UAAU,EAAE,QAAQ;QACpB,eAAe,EAAE,SAAS;KAC3B;IACD,OAAO,EAAE;QACP,QAAQ,EAAE,EAAE;QACZ,SAAS,EAAE,QAAQ;QACnB,MAAM,EAAE,EAAE;KACX;IACD,YAAY,EAAE;QACZ,SAAS,EAAE,QAAQ;QACnB,KAAK,EAAE,SAAS;QAChB,YAAY,EAAE,CAAC;KAChB;CACF,CAAC,CAAC","sourcesContent":["import React, { Component } from 'react';\n\nimport {\n  StyleSheet,\n  Text,\n  View\n} from 'react-native';\n\nexport default class rnts_skeleton extends Component {\n  render() {\n    return (\n      <View style={styles.container}>\n        <Text style={styles.welcome}>\n          Test\n        </Text>\n        <Text style={styles.instructions}>\n          To get started, edit index.ios.js\n        </Text>\n        <Text style={styles.instructions}>\n          Press Cmd+R to reload,{'\\n'}\n          Cmd+D or shake for dev menu\n        </Text>\n      </View>\n    );\n  }\n}\n\nconst styles = StyleSheet.create({\n  container: {\n    flex: 1,\n    justifyContent: 'center',\n    alignItems: 'center',\n    backgroundColor: '#F5FCFF',\n  },\n  welcome: {\n    fontSize: 20,\n    textAlign: 'center',\n    margin: 10,\n  },\n  instructions: {\n    textAlign: 'center',\n    color: '#333333',\n    marginBottom: 5,\n  },\n});"]},"_coverageSchema":"332fd63041d2c1bcb487cc26dd0d5f7d97098a6c","hash":"5a87ad6108d601eecbb883aeed9c499e553d42db"}
}
